# JRE version: OpenJDK Runtime Environment (11.0.15) (build 11.0.15+0-b2043.56-9505619)
# Java VM: OpenJDK 64-Bit Server VM (11.0.15+0-b2043.56-9505619, mixed mode, tiered, compressed oops, g1 gc, windows-amd64)
Heap:
 garbage-first heap   total 260096K, used 192534K [0x0000000080000000, 0x0000000100000000)
  region size 1024K, 151 young (154624K), 12 survivors (12288K)
 Metaspace       used 66694K, capacity 68426K, committed 68560K, reserved 1107968K
  class space    used 8480K, capacity 9140K, committed 9248K, reserved 1048576K
GC Heap History (14 events):
Event: 29.330 GC heap before
{Heap before GC invocations=0 (full 0):
 garbage-first heap   total 260096K, used 29696K [0x0000000080000000, 0x0000000100000000)
  region size 1024K, 24 young (24576K), 0 survivors (0K)
 Metaspace       used 10119K, capacity 10341K, committed 10624K, reserved 1058816K
  class space    used 1032K, capacity 1108K, committed 1152K, reserved 1048576K
}
Event: 29.346 GC heap after
{Heap after GC invocations=1 (full 0):
 garbage-first heap   total 260096K, used 9383K [0x0000000080000000, 0x0000000100000000)
  region size 1024K, 3 young (3072K), 3 survivors (3072K)
 Metaspace       used 10119K, capacity 10341K, committed 10624K, reserved 1058816K
  class space    used 1032K, capacity 1108K, committed 1152K, reserved 1048576K
}
Event: 63.752 GC heap before
{Heap before GC invocations=1 (full 0):
 garbage-first heap   total 260096K, used 108711K [0x0000000080000000, 0x0000000100000000)
  region size 1024K, 100 young (102400K), 3 survivors (3072K)
 Metaspace       used 20788K, capacity 21195K, committed 21296K, reserved 1069056K
  class space    used 2526K, capacity 2685K, committed 2688K, reserved 1048576K
}
Event: 63.770 GC heap after
{Heap after GC invocations=2 (full 0):
 garbage-first heap   total 260096K, used 16876K [0x0000000080000000, 0x0000000100000000)
  region size 1024K, 11 young (11264K), 11 survivors (11264K)
 Metaspace       used 20788K, capacity 21195K, committed 21296K, reserved 1069056K
  class space    used 2526K, capacity 2685K, committed 2688K, reserved 1048576K
}
Event: 64.417 GC heap before
{Heap before GC invocations=3 (full 0):
 garbage-first heap   total 260096K, used 43500K [0x0000000080000000, 0x0000000100000000)
  region size 1024K, 38 young (38912K), 11 survivors (11264K)
 Metaspace       used 23502K, capacity 24055K, committed 24112K, reserved 1071104K
  class space    used 2965K, capacity 3175K, committed 3200K, reserved 1048576K
}
Event: 64.427 GC heap after
{Heap after GC invocations=4 (full 0):
 garbage-first heap   total 260096K, used 17954K [0x0000000080000000, 0x0000000100000000)
  region size 1024K, 2 young (2048K), 2 survivors (2048K)
 Metaspace       used 23502K, capacity 24055K, committed 24112K, reserved 1071104K
  class space    used 2965K, capacity 3175K, committed 3200K, reserved 1048576K
}
Event: 67.602 GC heap before
{Heap before GC invocations=4 (full 0):
 garbage-first heap   total 260096K, used 116258K [0x0000000080000000, 0x0000000100000000)
  region size 1024K, 99 young (101376K), 2 survivors (2048K)
 Metaspace       used 34869K, capacity 35731K, committed 35888K, reserved 1081344K
  class space    used 4557K, capacity 4887K, committed 4992K, reserved 1048576K
}
Event: 67.620 GC heap after
{Heap after GC invocations=5 (full 0):
 garbage-first heap   total 260096K, used 22299K [0x0000000080000000, 0x0000000100000000)
  region size 1024K, 6 young (6144K), 6 survivors (6144K)
 Metaspace       used 34869K, capacity 35731K, committed 35888K, reserved 1081344K
  class space    used 4557K, capacity 4887K, committed 4992K, reserved 1048576K
}
Event: 71.070 GC heap before
{Heap before GC invocations=6 (full 0):
 garbage-first heap   total 260096K, used 148251K [0x0000000080000000, 0x0000000100000000)
  region size 1024K, 125 young (128000K), 6 survivors (6144K)
 Metaspace       used 45803K, capacity 46912K, committed 47152K, reserved 1089536K
  class space    used 5819K, capacity 6230K, committed 6272K, reserved 1048576K
}
Event: 71.090 GC heap after
{Heap after GC invocations=7 (full 0):
 garbage-first heap   total 260096K, used 30581K [0x0000000080000000, 0x0000000100000000)
  region size 1024K, 14 young (14336K), 14 survivors (14336K)
 Metaspace       used 45803K, capacity 46912K, committed 47152K, reserved 1089536K
  class space    used 5819K, capacity 6230K, committed 6272K, reserved 1048576K
}
Event: 92.910 GC heap before
{Heap before GC invocations=7 (full 0):
 garbage-first heap   total 260096K, used 170869K [0x0000000080000000, 0x0000000100000000)
  region size 1024K, 149 young (152576K), 14 survivors (14336K)
 Metaspace       used 56143K, capacity 57665K, committed 57776K, reserved 1099776K
  class space    used 7070K, capacity 7617K, committed 7680K, reserved 1048576K
}
Event: 92.936 GC heap after
{Heap after GC invocations=8 (full 0):
 garbage-first heap   total 260096K, used 41840K [0x0000000080000000, 0x0000000100000000)
  region size 1024K, 18 young (18432K), 18 survivors (18432K)
 Metaspace       used 56143K, capacity 57665K, committed 57776K, reserved 1099776K
  class space    used 7070K, capacity 7617K, committed 7680K, reserved 1048576K
}
Event: 93.856 GC heap before
{Heap before GC invocations=8 (full 0):
 garbage-first heap   total 260096K, used 58224K [0x0000000080000000, 0x0000000100000000)
  region size 1024K, 35 young (35840K), 18 survivors (18432K)
 Metaspace       used 58555K, capacity 60213K, committed 60240K, reserved 1101824K
  class space    used 7426K, capacity 8069K, committed 8096K, reserved 1048576K
}
Event: 93.894 GC heap after
{Heap after GC invocations=9 (full 0):
 garbage-first heap   total 260096K, used 44054K [0x0000000080000000, 0x0000000100000000)
  region size 1024K, 12 young (12288K), 12 survivors (12288K)
 Metaspace       used 58555K, capacity 60213K, committed 60240K, reserved 1101824K
  class space    used 7426K, capacity 8069K, committed 8096K, reserved 1048576K
}

